Using pre-set license
Built from '2020.3/staging' branch; Version is '2020.3.24f1 (79c78de19888) revision 7980941'; Using compiler version '192528614'; Build Type 'Release'
OS: 'Windows 10  (10.0.19043) 64bit Core' Language: 'en' Physical Memory: 16337 MB
BatchMode: 1, IsHumanControllingUs: 0, StartBugReporterOnCrash: 0, Is64bit: 1, IsPro: 0

COMMAND LINE ARGUMENTS:
J:\Program Files\Unity\2020.3\2020.3.24f1\Editor\Unity.exe
-adb2
-batchMode
-noUpm
-name
AssetImportWorker0
-projectPath
I:/RMIT Masters/Gamejam_LandOfHeroes/Land_of_Heroes/Gamejam_LandOfHeroes
-logFile
Logs/AssetImportWorker0.log
-srvPort
63280
Successfully changed project path to: I:/RMIT Masters/Gamejam_LandOfHeroes/Land_of_Heroes/Gamejam_LandOfHeroes
I:/RMIT Masters/Gamejam_LandOfHeroes/Land_of_Heroes/Gamejam_LandOfHeroes
Using Asset Import Pipeline V2.
Refreshing native plugins compatible for Editor in 34.58 ms, found 2 plugins.
Preloading 0 native plugins for Editor in 0.00 ms.
Initialize engine version: 2020.3.24f1 (79c78de19888)
[Subsystems] Discovering subsystems at path J:/Program Files/Unity/2020.3/2020.3.24f1/Editor/Data/Resources/UnitySubsystems
[Subsystems] Discovering subsystems at path I:/RMIT Masters/Gamejam_LandOfHeroes/Land_of_Heroes/Gamejam_LandOfHeroes/Assets
GfxDevice: creating device client; threaded=0
Direct3D:
    Version:  Direct3D 11.0 [level 11.1]
    Renderer: NVIDIA GeForce GTX 1070 (ID=0x1b81)
    Vendor:   
    VRAM:     8088 MB
    Driver:   30.0.14.9649
Initialize mono
Mono path[0] = 'J:/Program Files/Unity/2020.3/2020.3.24f1/Editor/Data/Managed'
Mono path[1] = 'J:/Program Files/Unity/2020.3/2020.3.24f1/Editor/Data/MonoBleedingEdge/lib/mono/unityjit'
Mono config path = 'J:/Program Files/Unity/2020.3/2020.3.24f1/Editor/Data/MonoBleedingEdge/etc'
Using monoOptions --debugger-agent=transport=dt_socket,embedding=1,server=y,suspend=n,address=127.0.0.1:56672
Begin MonoManager ReloadAssembly
Registering precompiled unity dll's ...
Register platform support module: J:/Program Files/Unity/2020.3/2020.3.24f1/Editor/Data/PlaybackEngines/WindowsStandaloneSupport/UnityEditor.WindowsStandalone.Extensions.dll
Registered in 0.001548 seconds.
Native extension for WindowsStandalone target not found
Refreshing native plugins compatible for Editor in 32.51 ms, found 2 plugins.
Preloading 0 native plugins for Editor in 0.00 ms.
Mono: successfully reloaded assembly
- Completed reload, in  0.533 seconds
Domain Reload Profiling:
	ReloadAssembly (533ms)
		BeginReloadAssembly (63ms)
			ExecutionOrderSort (0ms)
			DisableScriptedObjects (0ms)
			BackupInstance (0ms)
			ReleaseScriptingObjects (0ms)
			CreateAndSetChildDomain (1ms)
		EndReloadAssembly (410ms)
			LoadAssemblies (63ms)
			RebuildTransferFunctionScriptingTraits (0ms)
			SetupTypeCache (141ms)
			ReleaseScriptCaches (0ms)
			RebuildScriptCaches (28ms)
			SetupLoadedEditorAssemblies (149ms)
				LogAssemblyErrors (0ms)
				InitializePlatformSupportModulesInManaged (4ms)
				SetLoadedEditorAssemblies (0ms)
				RefreshPlugins (33ms)
				BeforeProcessingInitializeOnLoad (15ms)
				ProcessInitializeOnLoadAttributes (72ms)
				ProcessInitializeOnLoadMethodAttributes (26ms)
				AfterProcessingInitializeOnLoad (0ms)
				EditorAssembliesLoaded (0ms)
			ExecutionOrderSort2 (0ms)
			AwakeInstancesAfterBackupRestoration (0ms)
Platform modules already initialized, skipping
Registering precompiled user dll's ...
Registered in 0.003422 seconds.
Begin MonoManager ReloadAssembly
Native extension for WindowsStandalone target not found
Refreshing native plugins compatible for Editor in 0.34 ms, found 2 plugins.
Preloading 0 native plugins for Editor in 0.00 ms.
Mono: successfully reloaded assembly
- Completed reload, in  0.920 seconds
Domain Reload Profiling:
	ReloadAssembly (920ms)
		BeginReloadAssembly (144ms)
			ExecutionOrderSort (0ms)
			DisableScriptedObjects (4ms)
			BackupInstance (0ms)
			ReleaseScriptingObjects (0ms)
			CreateAndSetChildDomain (17ms)
		EndReloadAssembly (725ms)
			LoadAssemblies (92ms)
			RebuildTransferFunctionScriptingTraits (0ms)
			SetupTypeCache (268ms)
			ReleaseScriptCaches (0ms)
			RebuildScriptCaches (38ms)
			SetupLoadedEditorAssemblies (265ms)
				LogAssemblyErrors (0ms)
				InitializePlatformSupportModulesInManaged (4ms)
				SetLoadedEditorAssemblies (0ms)
				RefreshPlugins (0ms)
				BeforeProcessingInitializeOnLoad (72ms)
				ProcessInitializeOnLoadAttributes (178ms)
				ProcessInitializeOnLoadMethodAttributes (8ms)
				AfterProcessingInitializeOnLoad (2ms)
				EditorAssembliesLoaded (0ms)
			ExecutionOrderSort2 (0ms)
			AwakeInstancesAfterBackupRestoration (6ms)
Platform modules already initialized, skipping
========================================================================
Worker process is ready to serve import requests
Launched and connected shader compiler UnityShaderCompiler.exe after 0.20 seconds
Refreshing native plugins compatible for Editor in 0.35 ms, found 2 plugins.
Preloading 0 native plugins for Editor in 0.00 ms.
Unloading 1553 Unused Serialized files (Serialized files now loaded: 0)
System memory in use before: 72.6 MB.
System memory in use after: 72.7 MB.

Unloading 19 unused Assets to reduce memory usage. Loaded Objects now: 1988.
Total: 2.821700 ms (FindLiveObjects: 0.148000 ms CreateObjectMapping: 0.047200 ms MarkObjects: 2.510400 ms  DeleteObjects: 0.115200 ms)

AssetImportParameters requested are different than current active one (requested -> active):
  custom:framework-win-MediaFoundation: 216162199b28c13a410421893ffa2e32 -> 
  custom:video-decoder-ogg-theora: a1e56fd34408186e4bbccfd4996cb3dc -> 
  custom:container-muxer-webm: aa71ff27fc2769a1b78a27578f13a17b -> 
  custom:container-demuxer-webm: 4f35f7cbe854078d1ac9338744f61a02 -> 
  custom:container-demuxer-ogg: 62fdf1f143b41e24485cea50d1cbac27 -> 
  custom:video-encoder-webm-vp8: eb34c28f22e8b96e1ab97ce403110664 -> 
  custom:video-codec-MediaFoundation-h265: 746d11721c4dcdbdad8f713fa42b33f4 -> 
  custom:video-decoder-webm-vp8: 9c59270c3fd7afecdb556c50c9e8de78 -> 
  custom:audio-decoder-ogg-vorbis: bf7c407c2cedff20999df2af8eb42d56 -> 
  custom:audio-encoder-webm-vorbis: bf7c407c2cedff20999df2af8eb42d56 -> 
========================================================================
Received Import Request.
  path: Assets/font_file/fontletters-07.png
  artifactKey: Guid(9178b52fb781e5149910e3c788b7ff43) Importer(815301076,1909f56bfc062723c751e8b465ee728b)
Start importing Assets/font_file/fontletters-07.png using Guid(9178b52fb781e5149910e3c788b7ff43) Importer(815301076,1909f56bfc062723c751e8b465ee728b)  -> (artifact id: 'fa919b297dd6509b7e0e3c5a3d59540a') in 0.345521 seconds 
  Import took 0.348635 seconds .

========================================================================
Received Import Request.
  Time since last request: 0.000563 seconds.
  path: Assets/font_file/fontletters-27.png
  artifactKey: Guid(384a3e7de6063384db351be162ec33a1) Importer(815301076,1909f56bfc062723c751e8b465ee728b)
Start importing Assets/font_file/fontletters-27.png using Guid(384a3e7de6063384db351be162ec33a1) Importer(815301076,1909f56bfc062723c751e8b465ee728b)  -> (artifact id: '6381d3318fff4f8d61c419077819be39') in 0.015541 seconds 
  Import took 0.017789 seconds .

========================================================================
Received Import Request.
  Time since last request: 0.000283 seconds.
  path: Assets/button_v1/start-02.png
  artifactKey: Guid(3277f287d83212f40b843fd2e24864cf) Importer(815301076,1909f56bfc062723c751e8b465ee728b)
Start importing Assets/button_v1/start-02.png using Guid(3277f287d83212f40b843fd2e24864cf) Importer(815301076,1909f56bfc062723c751e8b465ee728b)  -> (artifact id: 'b31a51e5e38a018cd6e07d91e593ed84') in 0.037896 seconds 
  Import took 0.040183 seconds .

========================================================================
Received Import Request.
  Time since last request: 0.000296 seconds.
  path: Assets/font_file/fontletters-04.png
  artifactKey: Guid(6811e58d936f02747bed90e8b2f34838) Importer(815301076,1909f56bfc062723c751e8b465ee728b)
Start importing Assets/font_file/fontletters-04.png using Guid(6811e58d936f02747bed90e8b2f34838) Importer(815301076,1909f56bfc062723c751e8b465ee728b)  -> (artifact id: '29da95be597a9e35e2ae430272cff364') in 0.013179 seconds 
  Import took 0.015216 seconds .

========================================================================
Received Import Request.
  Time since last request: 0.000283 seconds.
  path: Assets/font_file/fontletters-18.png
  artifactKey: Guid(5de89e1c84ec08445aea8e9d29f70a89) Importer(815301076,1909f56bfc062723c751e8b465ee728b)
Start importing Assets/font_file/fontletters-18.png using Guid(5de89e1c84ec08445aea8e9d29f70a89) Importer(815301076,1909f56bfc062723c751e8b465ee728b)  -> (artifact id: '16e7f97e44ae834c2d5f2a6ac749b3c5') in 0.013966 seconds 
  Import took 0.016214 seconds .

========================================================================
Received Import Request.
  Time since last request: 0.000293 seconds.
  path: Assets/font_file/fontletters-14.png
  artifactKey: Guid(866884ccde356034a84c6815db605e19) Importer(815301076,1909f56bfc062723c751e8b465ee728b)
Start importing Assets/font_file/fontletters-14.png using Guid(866884ccde356034a84c6815db605e19) Importer(815301076,1909f56bfc062723c751e8b465ee728b)  -> (artifact id: 'b8c64d8a572937d49ac6316f86f28198') in 0.012336 seconds 
  Import took 0.014701 seconds .

========================================================================
Received Import Request.
  Time since last request: 0.000298 seconds.
  path: Assets/font_file/fontletters-09.png
  artifactKey: Guid(506eaa9b9b67fb3459cc8d425ec8bfce) Importer(815301076,1909f56bfc062723c751e8b465ee728b)
Start importing Assets/font_file/fontletters-09.png using Guid(506eaa9b9b67fb3459cc8d425ec8bfce) Importer(815301076,1909f56bfc062723c751e8b465ee728b)  -> (artifact id: '15713b800775364af88f46fb1a9f9062') in 0.012889 seconds 
  Import took 0.015092 seconds .

========================================================================
Received Import Request.
  Time since last request: 0.000282 seconds.
  path: Assets/font_file/fontletters-32.png
  artifactKey: Guid(7f54d6622160624489b5424fd8be687f) Importer(815301076,1909f56bfc062723c751e8b465ee728b)
Start importing Assets/font_file/fontletters-32.png using Guid(7f54d6622160624489b5424fd8be687f) Importer(815301076,1909f56bfc062723c751e8b465ee728b)  -> (artifact id: 'a3d2e7fd254d6eb749533984f521d2d0') in 0.013583 seconds 
  Import took 0.015902 seconds .

========================================================================
Received Import Request.
  Time since last request: 0.000326 seconds.
  path: Assets/font_file/fontletters-35.png
  artifactKey: Guid(fe31b98a6caef1f47963c1386a871b2b) Importer(815301076,1909f56bfc062723c751e8b465ee728b)
Start importing Assets/font_file/fontletters-35.png using Guid(fe31b98a6caef1f47963c1386a871b2b) Importer(815301076,1909f56bfc062723c751e8b465ee728b)  -> (artifact id: '6f069eac2105302b12a77b4a20c4e817') in 0.019113 seconds 
  Import took 0.024303 seconds .

========================================================================
Received Import Request.
  Time since last request: 0.000330 seconds.
  path: Assets/font_file/fontletters-38.png
  artifactKey: Guid(5a9fd5aee8d452c4f808abb3b8d339dc) Importer(815301076,1909f56bfc062723c751e8b465ee728b)
Start importing Assets/font_file/fontletters-38.png using Guid(5a9fd5aee8d452c4f808abb3b8d339dc) Importer(815301076,1909f56bfc062723c751e8b465ee728b)  -> (artifact id: 'e26059c9ddadaa82eceae8aee91f37e3') in 0.026285 seconds 
  Import took 0.029602 seconds .

========================================================================
Received Import Request.
  Time since last request: 0.000287 seconds.
  path: Assets/font_file/fontletters-39.png
  artifactKey: Guid(c95dba871fa1ed748802a95aa9ad899d) Importer(815301076,1909f56bfc062723c751e8b465ee728b)
Start importing Assets/font_file/fontletters-39.png using Guid(c95dba871fa1ed748802a95aa9ad899d) Importer(815301076,1909f56bfc062723c751e8b465ee728b)  -> (artifact id: 'fa89909dba4ae436ea8213589ddbaf83') in 0.018960 seconds 
  Import took 0.022651 seconds .

========================================================================
Received Import Request.
  Time since last request: 0.000244 seconds.
  path: Assets/font_file/fontletters-15.png
  artifactKey: Guid(ef5f28eae0b8c5449907e9ebb2eebfb8) Importer(815301076,1909f56bfc062723c751e8b465ee728b)
Start importing Assets/font_file/fontletters-15.png using Guid(ef5f28eae0b8c5449907e9ebb2eebfb8) Importer(815301076,1909f56bfc062723c751e8b465ee728b)  -> (artifact id: '4f23cfc363a0649ecb45edd5bb644455') in 0.016428 seconds 
  Import took 0.019799 seconds .

========================================================================
Received Import Request.
  Time since last request: 0.000282 seconds.
  path: Assets/font_file/fontletters-16.png
  artifactKey: Guid(b465526b558649f49a1a2a8b5ca538f8) Importer(815301076,1909f56bfc062723c751e8b465ee728b)
Start importing Assets/font_file/fontletters-16.png using Guid(b465526b558649f49a1a2a8b5ca538f8) Importer(815301076,1909f56bfc062723c751e8b465ee728b)  -> (artifact id: '5d9ccbfbee76d96e7f6d43d99aa8318f') in 0.015091 seconds 
  Import took 0.017403 seconds .

========================================================================
Received Import Request.
  Time since last request: 0.000212 seconds.
  path: Assets/font_file/fontletters-13.png
  artifactKey: Guid(5f073a8ec7160374b8698fb5f4bb1499) Importer(815301076,1909f56bfc062723c751e8b465ee728b)
Start importing Assets/font_file/fontletters-13.png using Guid(5f073a8ec7160374b8698fb5f4bb1499) Importer(815301076,1909f56bfc062723c751e8b465ee728b)  -> (artifact id: 'bc0880e2d0d39fa85a47822f4ed04930') in 0.018334 seconds 
  Import took 0.021383 seconds .

========================================================================
Received Import Request.
  Time since last request: 0.000215 seconds.
  path: Assets/font_file/fontletters-25.png
  artifactKey: Guid(444c5cc6cf94f0649a3a9d12707dc86e) Importer(815301076,1909f56bfc062723c751e8b465ee728b)
Start importing Assets/font_file/fontletters-25.png using Guid(444c5cc6cf94f0649a3a9d12707dc86e) Importer(815301076,1909f56bfc062723c751e8b465ee728b)  -> (artifact id: '600a571b0a887ec8061276eda498275f') in 0.014727 seconds 
  Import took 0.018101 seconds .

========================================================================
Received Import Request.
  Time since last request: 0.000191 seconds.
  path: Assets/font_file/fontletters-34.png
  artifactKey: Guid(248261416a118a5499a819d7277bfe02) Importer(815301076,1909f56bfc062723c751e8b465ee728b)
Start importing Assets/font_file/fontletters-34.png using Guid(248261416a118a5499a819d7277bfe02) Importer(815301076,1909f56bfc062723c751e8b465ee728b)  -> (artifact id: 'b2a43513ede74e37eeee1445714935be') in 0.015525 seconds 
  Import took 0.018798 seconds .

========================================================================
Received Import Request.
  Time since last request: 0.000177 seconds.
  path: Assets/font_file/fontletters-10.png
  artifactKey: Guid(20f8b4954e5a2b0429133962f4401cd3) Importer(815301076,1909f56bfc062723c751e8b465ee728b)
Start importing Assets/font_file/fontletters-10.png using Guid(20f8b4954e5a2b0429133962f4401cd3) Importer(815301076,1909f56bfc062723c751e8b465ee728b)  -> (artifact id: '5f9fc413444f7b52710cf4e565420ce9') in 0.016165 seconds 
  Import took 0.018589 seconds .

========================================================================
Received Import Request.
  Time since last request: 0.000232 seconds.
  path: Assets/font_file/fontletters-01.png
  artifactKey: Guid(fb5f192c7db94ea46882fd489a41db42) Importer(815301076,1909f56bfc062723c751e8b465ee728b)
Start importing Assets/font_file/fontletters-01.png using Guid(fb5f192c7db94ea46882fd489a41db42) Importer(815301076,1909f56bfc062723c751e8b465ee728b)  -> (artifact id: 'e71fb3d02b9881ad4876155e313ad47d') in 0.014149 seconds 
  Import took 0.016913 seconds .

========================================================================
Received Import Request.
  Time since last request: 0.000237 seconds.
  path: Assets/font_file/fontletters-24.png
  artifactKey: Guid(7b6284cd8b6a3d4488d410385d595266) Importer(815301076,1909f56bfc062723c751e8b465ee728b)
Start importing Assets/font_file/fontletters-24.png using Guid(7b6284cd8b6a3d4488d410385d595266) Importer(815301076,1909f56bfc062723c751e8b465ee728b)  -> (artifact id: '0b7556d9702c2b577f7cf6a1c94f447a') in 0.013208 seconds 
  Import took 0.015744 seconds .

========================================================================
Received Import Request.
  Time since last request: 0.000185 seconds.
  path: Assets/font_file/fontletters-11.png
  artifactKey: Guid(f71c8583dafd3994e997b0df56ec9fed) Importer(815301076,1909f56bfc062723c751e8b465ee728b)
Start importing Assets/font_file/fontletters-11.png using Guid(f71c8583dafd3994e997b0df56ec9fed) Importer(815301076,1909f56bfc062723c751e8b465ee728b)  -> (artifact id: '5f88488c81ad590485f3368b9185b9e6') in 0.014580 seconds 
  Import took 0.017068 seconds .

========================================================================
Received Import Request.
  Time since last request: 0.000189 seconds.
  path: Assets/button_v1/start-01.png
  artifactKey: Guid(1c55c96ae2b714841a8885100f7580ef) Importer(815301076,1909f56bfc062723c751e8b465ee728b)
Start importing Assets/button_v1/start-01.png using Guid(1c55c96ae2b714841a8885100f7580ef) Importer(815301076,1909f56bfc062723c751e8b465ee728b)  -> (artifact id: 'e93a2478f7ae301bf84839845daa5814') in 0.060358 seconds 
  Import took 0.063402 seconds .

========================================================================
Received Import Request.
  Time since last request: 0.000263 seconds.
  path: Assets/font_file/fontletters-33.png
  artifactKey: Guid(8d02217be1aa0e14a9a8210010c81065) Importer(815301076,1909f56bfc062723c751e8b465ee728b)
Start importing Assets/font_file/fontletters-33.png using Guid(8d02217be1aa0e14a9a8210010c81065) Importer(815301076,1909f56bfc062723c751e8b465ee728b)  -> (artifact id: 'e4b7e849417c11f7ce79a4cf54aadb84') in 0.036914 seconds 
  Import took 0.040868 seconds .

========================================================================
Received Import Request.
  Time since last request: 0.000206 seconds.
  path: Assets/font_file/fontletters-36.png
  artifactKey: Guid(492c5e181ef8cb14bb1d5a1e381bf3f8) Importer(815301076,1909f56bfc062723c751e8b465ee728b)
Start importing Assets/font_file/fontletters-36.png using Guid(492c5e181ef8cb14bb1d5a1e381bf3f8) Importer(815301076,1909f56bfc062723c751e8b465ee728b)  -> (artifact id: '4893c2b8f54b15e31273007c4e6c528e') in 0.019276 seconds 
  Import took 0.022140 seconds .

========================================================================
Received Import Request.
  Time since last request: 0.000192 seconds.
  path: Assets/font_file/fontletters-02.png
  artifactKey: Guid(b76b09a0d8f4e4841abeb0210756a964) Importer(815301076,1909f56bfc062723c751e8b465ee728b)
Start importing Assets/font_file/fontletters-02.png using Guid(b76b09a0d8f4e4841abeb0210756a964) Importer(815301076,1909f56bfc062723c751e8b465ee728b)  -> (artifact id: '90cd5ee3aaac45ee5ad27630c68fe7a1') in 0.017299 seconds 
  Import took 0.020605 seconds .

========================================================================
Received Import Request.
  Time since last request: 0.000196 seconds.
  path: Assets/font_file/fontletters-31.png
  artifactKey: Guid(df15eefa860d9b642b2ae7c65318c5c5) Importer(815301076,1909f56bfc062723c751e8b465ee728b)
Start importing Assets/font_file/fontletters-31.png using Guid(df15eefa860d9b642b2ae7c65318c5c5) Importer(815301076,1909f56bfc062723c751e8b465ee728b)  -> (artifact id: '2b6942554d837d44f7780f07a561ba8d') in 0.013187 seconds 
  Import took 0.015521 seconds .

========================================================================
Received Import Request.
  Time since last request: 0.000174 seconds.
  path: Assets/font_file/fontletters-03.png
  artifactKey: Guid(02ecb21153624994c925c841d6ca0676) Importer(815301076,1909f56bfc062723c751e8b465ee728b)
Start importing Assets/font_file/fontletters-03.png using Guid(02ecb21153624994c925c841d6ca0676) Importer(815301076,1909f56bfc062723c751e8b465ee728b)  -> (artifact id: 'c30b0551ae2b3f0a571c8c69ac65fd4c') in 0.012899 seconds 
  Import took 0.015247 seconds .

========================================================================
Received Import Request.
  Time since last request: 0.000166 seconds.
  path: Assets/font_file/fontletters-23.png
  artifactKey: Guid(f73c9618ae73e19439b7de781134711b) Importer(815301076,1909f56bfc062723c751e8b465ee728b)
Start importing Assets/font_file/fontletters-23.png using Guid(f73c9618ae73e19439b7de781134711b) Importer(815301076,1909f56bfc062723c751e8b465ee728b)  -> (artifact id: '2ee732d3cde7267688a2e9b7adb2ce9e') in 0.012741 seconds 
  Import took 0.014899 seconds .

========================================================================
Received Import Request.
  Time since last request: 0.000164 seconds.
  path: Assets/font_file/fontletters-26.png
  artifactKey: Guid(90928bab20b78a44ca946fb40c27b4a4) Importer(815301076,1909f56bfc062723c751e8b465ee728b)
Start importing Assets/font_file/fontletters-26.png using Guid(90928bab20b78a44ca946fb40c27b4a4) Importer(815301076,1909f56bfc062723c751e8b465ee728b)  -> (artifact id: '0f74eb780a4b97b00bf44bcc3abce74b') in 0.013018 seconds 
  Import took 0.015338 seconds .

========================================================================
Received Import Request.
  Time since last request: 0.000272 seconds.
  path: Assets/font_file/fontletters-29.png
  artifactKey: Guid(9e60d1f9365d5094792a38cf41c4dd84) Importer(815301076,1909f56bfc062723c751e8b465ee728b)
Start importing Assets/font_file/fontletters-29.png using Guid(9e60d1f9365d5094792a38cf41c4dd84) Importer(815301076,1909f56bfc062723c751e8b465ee728b)  -> (artifact id: '88d98d8224c879cc7a1fdb05cc7f0741') in 0.013810 seconds 
  Import took 0.016268 seconds .

========================================================================
Received Import Request.
  Time since last request: 0.000232 seconds.
  path: Assets/font_file/fontletters-30.png
  artifactKey: Guid(894dd36bfb4077e4c9b952f71790e034) Importer(815301076,1909f56bfc062723c751e8b465ee728b)
Start importing Assets/font_file/fontletters-30.png using Guid(894dd36bfb4077e4c9b952f71790e034) Importer(815301076,1909f56bfc062723c751e8b465ee728b)  -> (artifact id: '2459c4ee8762eaf77f9ec8221098ec4e') in 0.013845 seconds 
  Import took 0.016173 seconds .

========================================================================
Received Import Request.
  Time since last request: 0.000269 seconds.
  path: Assets/font_file/fontletters-28.png
  artifactKey: Guid(79285680934d5b24e86b349f18f31a90) Importer(815301076,1909f56bfc062723c751e8b465ee728b)
Start importing Assets/font_file/fontletters-28.png using Guid(79285680934d5b24e86b349f18f31a90) Importer(815301076,1909f56bfc062723c751e8b465ee728b)  -> (artifact id: '02f285455eb41ef28eacfefce74df9b4') in 0.017838 seconds 
  Import took 0.020630 seconds .

========================================================================
Received Import Request.
  Time since last request: 0.000211 seconds.
  path: Assets/button_v1/start-04.png
  artifactKey: Guid(6791d302015cd69449fe579da2c17408) Importer(815301076,1909f56bfc062723c751e8b465ee728b)
Start importing Assets/button_v1/start-04.png using Guid(6791d302015cd69449fe579da2c17408) Importer(815301076,1909f56bfc062723c751e8b465ee728b)  -> (artifact id: '275b0fe5b8489a37bbd16a1a5873c33c') in 0.040974 seconds 
  Import took 0.043460 seconds .

========================================================================
Received Import Request.
  Time since last request: 0.000206 seconds.
  path: Assets/font_file
  artifactKey: Guid(6e0863d759fdecc4697de35df13e50eb) Importer(815301076,1909f56bfc062723c751e8b465ee728b)
Start importing Assets/font_file using Guid(6e0863d759fdecc4697de35df13e50eb) Importer(815301076,1909f56bfc062723c751e8b465ee728b)  -> (artifact id: 'fd3d46c6435044c2f13475f7aef32916') in 0.005282 seconds 
  Import took 0.007658 seconds .

========================================================================
Received Import Request.
  Time since last request: 0.000207 seconds.
  path: Assets/button_v1/start-07.png
  artifactKey: Guid(e31d375e44765014fa0a45d0e6bba848) Importer(815301076,1909f56bfc062723c751e8b465ee728b)
Start importing Assets/button_v1/start-07.png using Guid(e31d375e44765014fa0a45d0e6bba848) Importer(815301076,1909f56bfc062723c751e8b465ee728b)  -> (artifact id: '6f84809080dd2d3e50d0a83e234096b9') in 0.021188 seconds 
  Import took 0.025782 seconds .

========================================================================
Received Import Request.
  Time since last request: 0.000236 seconds.
  path: Assets/button_v1/start-05.png
  artifactKey: Guid(10319f04d07339c48b5ba4f8fba6b17a) Importer(815301076,1909f56bfc062723c751e8b465ee728b)
Start importing Assets/button_v1/start-05.png using Guid(10319f04d07339c48b5ba4f8fba6b17a) Importer(815301076,1909f56bfc062723c751e8b465ee728b)  -> (artifact id: '9ade67c50fc0438118aa21c692de31c4') in 0.027300 seconds 
  Import took 0.031646 seconds .

========================================================================
Received Import Request.
  Time since last request: 0.000191 seconds.
  path: Assets/font_file/fontletters-19.png
  artifactKey: Guid(0227de7d66a266a4484fe079249a1760) Importer(815301076,1909f56bfc062723c751e8b465ee728b)
Start importing Assets/font_file/fontletters-19.png using Guid(0227de7d66a266a4484fe079249a1760) Importer(815301076,1909f56bfc062723c751e8b465ee728b)  -> (artifact id: '65b8b667c09a5713c087ba438324a836') in 0.016131 seconds 
  Import took 0.019340 seconds .

========================================================================
Received Import Request.
  Time since last request: 0.000262 seconds.
  path: Assets/font_file/fontletters-40.png
  artifactKey: Guid(ad5ba3970ad485848a49b5284cb93da6) Importer(815301076,1909f56bfc062723c751e8b465ee728b)
Start importing Assets/font_file/fontletters-40.png using Guid(ad5ba3970ad485848a49b5284cb93da6) Importer(815301076,1909f56bfc062723c751e8b465ee728b)  -> (artifact id: '29e366be1eee28a9b6d35ab4f0df63da') in 0.014968 seconds 
  Import took 0.018144 seconds .

========================================================================
Received Import Request.
  Time since last request: 0.000163 seconds.
  path: Assets/button_v1
  artifactKey: Guid(09206d6cee938624fa26c6ffa8a3364c) Importer(815301076,1909f56bfc062723c751e8b465ee728b)
Start importing Assets/button_v1 using Guid(09206d6cee938624fa26c6ffa8a3364c) Importer(815301076,1909f56bfc062723c751e8b465ee728b)  -> (artifact id: '9b58189c2fe584c023bfea53783bcc3c') in 0.004412 seconds 
  Import took 0.006486 seconds .

========================================================================
Received Import Request.
  Time since last request: 0.000154 seconds.
  path: Assets/button_v1/start-03.png
  artifactKey: Guid(d4a1156308ba1b841ba241400ef481cb) Importer(815301076,1909f56bfc062723c751e8b465ee728b)
Start importing Assets/button_v1/start-03.png using Guid(d4a1156308ba1b841ba241400ef481cb) Importer(815301076,1909f56bfc062723c751e8b465ee728b)  -> (artifact id: 'f56b57e349321d36965fe6f22840a8cb') in 0.011280 seconds 
  Import took 0.013465 seconds .

========================================================================
Received Import Request.
  Time since last request: 0.000162 seconds.
  path: Assets/font_file/fontletters-21.png
  artifactKey: Guid(a5d0bb743d1d756438e39a1f2725e4b3) Importer(815301076,1909f56bfc062723c751e8b465ee728b)
Start importing Assets/font_file/fontletters-21.png using Guid(a5d0bb743d1d756438e39a1f2725e4b3) Importer(815301076,1909f56bfc062723c751e8b465ee728b)  -> (artifact id: '4e669bc50b67715e8bf43b04e2aa505f') in 0.011506 seconds 
  Import took 0.013796 seconds .

========================================================================
Received Import Request.
  Time since last request: 0.000158 seconds.
  path: Assets/font_file/fontletters-05.png
  artifactKey: Guid(1118c4318c49bd84f8ebd3178df7dd89) Importer(815301076,1909f56bfc062723c751e8b465ee728b)
Start importing Assets/font_file/fontletters-05.png using Guid(1118c4318c49bd84f8ebd3178df7dd89) Importer(815301076,1909f56bfc062723c751e8b465ee728b)  -> (artifact id: '13fb50be7aed5ecc4783c64abf4b05f6') in 0.012789 seconds 
  Import took 0.015005 seconds .

========================================================================
Received Import Request.
  Time since last request: 0.000210 seconds.
  path: Assets/font_file/fontletters-17.png
  artifactKey: Guid(43ecc366675176644ac03e3e6fdb924c) Importer(815301076,1909f56bfc062723c751e8b465ee728b)
Start importing Assets/font_file/fontletters-17.png using Guid(43ecc366675176644ac03e3e6fdb924c) Importer(815301076,1909f56bfc062723c751e8b465ee728b)  -> (artifact id: 'e32d85ddfd62fcf5839b17cd4d88461f') in 0.014054 seconds 
  Import took 0.016390 seconds .

AssetImportWorkerClient::OnTransportError - code=2 error=End of file
