Using pre-set license
Built from '2020.3/staging' branch; Version is '2020.3.24f1 (79c78de19888) revision 7980941'; Using compiler version '192528614'; Build Type 'Release'
OS: 'Windows 10  (10.0.19043) 64bit Core' Language: 'en' Physical Memory: 16337 MB
BatchMode: 1, IsHumanControllingUs: 0, StartBugReporterOnCrash: 0, Is64bit: 1, IsPro: 0

COMMAND LINE ARGUMENTS:
J:\Program Files\Unity\2020.3\2020.3.24f1\Editor\Unity.exe
-adb2
-batchMode
-noUpm
-name
AssetImportWorker0
-projectPath
I:/RMIT Masters/Gamejam_LandOfHeroes/Land_of_Heroes/Gamejam_LandOfHeroes
-logFile
Logs/AssetImportWorker0.log
-srvPort
54872
Successfully changed project path to: I:/RMIT Masters/Gamejam_LandOfHeroes/Land_of_Heroes/Gamejam_LandOfHeroes
I:/RMIT Masters/Gamejam_LandOfHeroes/Land_of_Heroes/Gamejam_LandOfHeroes
Using Asset Import Pipeline V2.
Refreshing native plugins compatible for Editor in 33.17 ms, found 2 plugins.
Preloading 0 native plugins for Editor in 0.00 ms.
Initialize engine version: 2020.3.24f1 (79c78de19888)
[Subsystems] Discovering subsystems at path J:/Program Files/Unity/2020.3/2020.3.24f1/Editor/Data/Resources/UnitySubsystems
[Subsystems] Discovering subsystems at path I:/RMIT Masters/Gamejam_LandOfHeroes/Land_of_Heroes/Gamejam_LandOfHeroes/Assets
GfxDevice: creating device client; threaded=0
Direct3D:
    Version:  Direct3D 11.0 [level 11.1]
    Renderer: NVIDIA GeForce GTX 1070 (ID=0x1b81)
    Vendor:   
    VRAM:     8088 MB
    Driver:   30.0.14.9649
Initialize mono
Mono path[0] = 'J:/Program Files/Unity/2020.3/2020.3.24f1/Editor/Data/Managed'
Mono path[1] = 'J:/Program Files/Unity/2020.3/2020.3.24f1/Editor/Data/MonoBleedingEdge/lib/mono/unityjit'
Mono config path = 'J:/Program Files/Unity/2020.3/2020.3.24f1/Editor/Data/MonoBleedingEdge/etc'
Using monoOptions --debugger-agent=transport=dt_socket,embedding=1,server=y,suspend=n,address=127.0.0.1:56156
Begin MonoManager ReloadAssembly
Registering precompiled unity dll's ...
Register platform support module: J:/Program Files/Unity/2020.3/2020.3.24f1/Editor/Data/PlaybackEngines/WindowsStandaloneSupport/UnityEditor.WindowsStandalone.Extensions.dll
Registered in 0.001219 seconds.
Native extension for WindowsStandalone target not found
Refreshing native plugins compatible for Editor in 35.99 ms, found 2 plugins.
Preloading 0 native plugins for Editor in 0.00 ms.
Mono: successfully reloaded assembly
- Completed reload, in  0.632 seconds
Domain Reload Profiling:
	ReloadAssembly (633ms)
		BeginReloadAssembly (68ms)
			ExecutionOrderSort (0ms)
			DisableScriptedObjects (0ms)
			BackupInstance (0ms)
			ReleaseScriptingObjects (0ms)
			CreateAndSetChildDomain (1ms)
		EndReloadAssembly (493ms)
			LoadAssemblies (70ms)
			RebuildTransferFunctionScriptingTraits (0ms)
			SetupTypeCache (179ms)
			ReleaseScriptCaches (0ms)
			RebuildScriptCaches (28ms)
			SetupLoadedEditorAssemblies (176ms)
				LogAssemblyErrors (0ms)
				InitializePlatformSupportModulesInManaged (8ms)
				SetLoadedEditorAssemblies (0ms)
				RefreshPlugins (36ms)
				BeforeProcessingInitializeOnLoad (17ms)
				ProcessInitializeOnLoadAttributes (84ms)
				ProcessInitializeOnLoadMethodAttributes (30ms)
				AfterProcessingInitializeOnLoad (0ms)
				EditorAssembliesLoaded (0ms)
			ExecutionOrderSort2 (0ms)
			AwakeInstancesAfterBackupRestoration (0ms)
Platform modules already initialized, skipping
Registering precompiled user dll's ...
Registered in 0.002920 seconds.
Begin MonoManager ReloadAssembly
Native extension for WindowsStandalone target not found
Refreshing native plugins compatible for Editor in 0.30 ms, found 2 plugins.
Preloading 0 native plugins for Editor in 0.00 ms.
Mono: successfully reloaded assembly
- Completed reload, in  0.992 seconds
Domain Reload Profiling:
	ReloadAssembly (992ms)
		BeginReloadAssembly (164ms)
			ExecutionOrderSort (0ms)
			DisableScriptedObjects (4ms)
			BackupInstance (0ms)
			ReleaseScriptingObjects (0ms)
			CreateAndSetChildDomain (18ms)
		EndReloadAssembly (768ms)
			LoadAssemblies (108ms)
			RebuildTransferFunctionScriptingTraits (0ms)
			SetupTypeCache (267ms)
			ReleaseScriptCaches (0ms)
			RebuildScriptCaches (42ms)
			SetupLoadedEditorAssemblies (293ms)
				LogAssemblyErrors (0ms)
				InitializePlatformSupportModulesInManaged (5ms)
				SetLoadedEditorAssemblies (1ms)
				RefreshPlugins (0ms)
				BeforeProcessingInitializeOnLoad (80ms)
				ProcessInitializeOnLoadAttributes (196ms)
				ProcessInitializeOnLoadMethodAttributes (9ms)
				AfterProcessingInitializeOnLoad (2ms)
				EditorAssembliesLoaded (0ms)
			ExecutionOrderSort2 (0ms)
			AwakeInstancesAfterBackupRestoration (6ms)
Platform modules already initialized, skipping
========================================================================
Worker process is ready to serve import requests
Launched and connected shader compiler UnityShaderCompiler.exe after 0.12 seconds
Refreshing native plugins compatible for Editor in 0.30 ms, found 2 plugins.
Preloading 0 native plugins for Editor in 0.00 ms.
Unloading 1500 Unused Serialized files (Serialized files now loaded: 0)
System memory in use before: 67.5 MB.
System memory in use after: 67.5 MB.

Unloading 19 unused Assets to reduce memory usage. Loaded Objects now: 1932.
Total: 3.779900 ms (FindLiveObjects: 0.221300 ms CreateObjectMapping: 0.080700 ms MarkObjects: 3.391100 ms  DeleteObjects: 0.084700 ms)

AssetImportParameters requested are different than current active one (requested -> active):
  custom:framework-win-MediaFoundation: 216162199b28c13a410421893ffa2e32 -> 
  custom:video-decoder-ogg-theora: a1e56fd34408186e4bbccfd4996cb3dc -> 
  custom:container-muxer-webm: aa71ff27fc2769a1b78a27578f13a17b -> 
  custom:container-demuxer-webm: 4f35f7cbe854078d1ac9338744f61a02 -> 
  custom:container-demuxer-ogg: 62fdf1f143b41e24485cea50d1cbac27 -> 
  custom:video-encoder-webm-vp8: eb34c28f22e8b96e1ab97ce403110664 -> 
  custom:video-codec-MediaFoundation-h265: 746d11721c4dcdbdad8f713fa42b33f4 -> 
  custom:video-decoder-webm-vp8: 9c59270c3fd7afecdb556c50c9e8de78 -> 
  custom:audio-decoder-ogg-vorbis: bf7c407c2cedff20999df2af8eb42d56 -> 
  custom:audio-encoder-webm-vorbis: bf7c407c2cedff20999df2af8eb42d56 -> 
========================================================================
Received Import Request.
  path: Assets
  artifactKey: Guid(00000000000000001000000000000000) Importer(815301076,1909f56bfc062723c751e8b465ee728b)
Start importing Assets using Guid(00000000000000001000000000000000) Importer(815301076,1909f56bfc062723c751e8b465ee728b)  -> (artifact id: '42d402b061de3733987d63b9cc3b64de') in 0.032665 seconds 
  Import took 0.035055 seconds .

========================================================================
Received Import Request.
  Time since last request: 5.743262 seconds.
  path: Assets/3D
  artifactKey: Guid(208044e7d14a6f04ab301382f127f5b1) Importer(815301076,1909f56bfc062723c751e8b465ee728b)
Start importing Assets/3D using Guid(208044e7d14a6f04ab301382f127f5b1) Importer(815301076,1909f56bfc062723c751e8b465ee728b)  -> (artifact id: '9e1a2809eb4a037b8d11afaa79bcad27') in 0.008209 seconds 
  Import took 0.011127 seconds .

========================================================================
Received Import Request.
  Time since last request: 7.613830 seconds.
  path: Assets/2D
  artifactKey: Guid(c6aeec2b58ca6e047a410a1ab2329134) Importer(815301076,1909f56bfc062723c751e8b465ee728b)
Start importing Assets/2D using Guid(c6aeec2b58ca6e047a410a1ab2329134) Importer(815301076,1909f56bfc062723c751e8b465ee728b)  -> (artifact id: 'cd753791ad07c5b2676f5f7b48982c0c') in 0.006164 seconds 
  Import took 0.008861 seconds .

========================================================================
Received Import Request.
  Time since last request: 9.661654 seconds.
  path: Assets/3D/Character
  artifactKey: Guid(2459d48bca5575e46a4a52b655fb08f2) Importer(815301076,1909f56bfc062723c751e8b465ee728b)
Start importing Assets/3D/Character using Guid(2459d48bca5575e46a4a52b655fb08f2) Importer(815301076,1909f56bfc062723c751e8b465ee728b)  -> (artifact id: '1c98ebccf8e1017f63b97fa65aaee991') in 0.007530 seconds 
  Import took 0.010168 seconds .

========================================================================
Received Import Request.
  Time since last request: 11.436146 seconds.
  path: Assets/3D/Environment
  artifactKey: Guid(233c63af1ec06f64a9c54956de78fc4e) Importer(815301076,1909f56bfc062723c751e8b465ee728b)
Start importing Assets/3D/Environment using Guid(233c63af1ec06f64a9c54956de78fc4e) Importer(815301076,1909f56bfc062723c751e8b465ee728b)  -> (artifact id: '6140e66aea47693dd58c55caef041bb2') in 0.006535 seconds 
  Import took 0.009723 seconds .

========================================================================
Received Import Request.
  Time since last request: 12.898912 seconds.
  path: Assets/2D/Sprites
  artifactKey: Guid(6b2adfc4d31630d44ba33c35b51c120b) Importer(815301076,1909f56bfc062723c751e8b465ee728b)
Start importing Assets/2D/Sprites using Guid(6b2adfc4d31630d44ba33c35b51c120b) Importer(815301076,1909f56bfc062723c751e8b465ee728b)  -> (artifact id: 'be7a4265d482e742a9b9375676e51a67') in 0.013222 seconds 
  Import took 0.015586 seconds .

========================================================================
Received Import Request.
  Time since last request: 14.593688 seconds.
  path: Assets/Textures
  artifactKey: Guid(cec6d48476e87174ab0bd5d7779b3a8a) Importer(815301076,1909f56bfc062723c751e8b465ee728b)
Start importing Assets/Textures using Guid(cec6d48476e87174ab0bd5d7779b3a8a) Importer(815301076,1909f56bfc062723c751e8b465ee728b)  -> (artifact id: 'c990e01314f448ed83533e0735c596c2') in 0.005545 seconds 
  Import took 0.007767 seconds .

========================================================================
Received Import Request.
  Time since last request: 7.347721 seconds.
  path: Assets/Materials
  artifactKey: Guid(dea35c00600ebc14d9e67a7c53338fce) Importer(815301076,1909f56bfc062723c751e8b465ee728b)
Start importing Assets/Materials using Guid(dea35c00600ebc14d9e67a7c53338fce) Importer(815301076,1909f56bfc062723c751e8b465ee728b)  -> (artifact id: '8c875f1af078009794756ce82b4192ff') in 0.008194 seconds 
  Import took 0.011619 seconds .

========================================================================
Received Import Request.
  Time since last request: 7.104860 seconds.
  path: Assets/Scenes
  artifactKey: Guid(a5c5a359a0c651946a8c29926a6c4498) Importer(815301076,1909f56bfc062723c751e8b465ee728b)
Start importing Assets/Scenes using Guid(a5c5a359a0c651946a8c29926a6c4498) Importer(815301076,1909f56bfc062723c751e8b465ee728b)  -> (artifact id: '8e0971eabb0d630eaee30c8986716fdb') in 0.007700 seconds 
  Import took 0.010067 seconds .

========================================================================
Received Import Request.
  Time since last request: 1.258848 seconds.
  path: Assets/Scenes/SampleScene.unity
  artifactKey: Guid(9fc0d4010bbf28b4594072e72b8655ab) Importer(815301076,1909f56bfc062723c751e8b465ee728b)
Start importing Assets/Scenes/SampleScene.unity using Guid(9fc0d4010bbf28b4594072e72b8655ab) Importer(815301076,1909f56bfc062723c751e8b465ee728b)  -> (artifact id: '85059f4f9e1a832ed95adaa0d25c5c4c') in 0.014094 seconds 
  Import took 0.016292 seconds .

========================================================================
Received Import Request.
  Time since last request: 10.392158 seconds.
  path: Assets/Scenes/Splash.unity
  artifactKey: Guid(88d57ead7e1481242939313ecf3e3b65) Importer(815301076,1909f56bfc062723c751e8b465ee728b)
Start importing Assets/Scenes/Splash.unity using Guid(88d57ead7e1481242939313ecf3e3b65) Importer(815301076,1909f56bfc062723c751e8b465ee728b)  -> (artifact id: '64dd4e12fd9fa17d9307961b6ebfa4c7') in 0.006249 seconds 
  Import took 0.008724 seconds .

========================================================================
Received Import Request.
  Time since last request: 32.560479 seconds.
  path: Assets/Scenes/PetersCodingScene.unity
  artifactKey: Guid(9a0f384926df0814c8421ba07e288756) Importer(815301076,1909f56bfc062723c751e8b465ee728b)
Start importing Assets/Scenes/PetersCodingScene.unity using Guid(9a0f384926df0814c8421ba07e288756) Importer(815301076,1909f56bfc062723c751e8b465ee728b)  -> (artifact id: 'de53a4a3270c8f5f455510a80a33953f') in 0.006651 seconds 
  Import took 0.010070 seconds .

AssetImportWorkerClient::OnTransportError - code=2 error=End of file
